<?xml version="1.0" encoding="UTF-8"?>
<testng-results skipped="0" failed="0" ignored="0" total="1" passed="1">
  <reporter-output>
  </reporter-output>
  <suite name="Default suite" duration-ms="129581" started-at="2020-04-28T10:54:52 IST" finished-at="2020-04-28T10:57:01 IST">
    <groups>
    </groups>
    <test name="Default test" duration-ms="129581" started-at="2020-04-28T10:54:52 IST" finished-at="2020-04-28T10:57:01 IST">
      <class name="com.pracc.com.TestMeApppp.TestMe">
        <test-method status="PASS" signature="Testt()[pri:0, instance:com.pracc.com.TestMeApppp.TestMe@4fe3c938]" name="Testt" duration-ms="129453" started-at="2020-04-28T10:54:52 IST" finished-at="2020-04-28T10:57:01 IST">
          <reporter-output>
          </reporter-output>
        </test-method> <!-- Testt -->
      </class> <!-- com.pracc.com.TestMeApppp.TestMe -->
    </test> <!-- Default test -->
  </suite> <!-- Default suite -->
</testng-results>
